[debug] [2024-03-25T08:10:43.037Z] ----------------------------------------------------------------------
[debug] [2024-03-25T08:10:43.039Z] Command:       C:\Program Files\nodejs\node.exe C:\Users\giura\AppData\Roaming\npm\node_modules\firebase-tools\lib\bin\firebase.js deploy --only functions
[debug] [2024-03-25T08:10:43.040Z] CLI Version:   13.5.2
[debug] [2024-03-25T08:10:43.040Z] Platform:      win32
[debug] [2024-03-25T08:10:43.040Z] Node Version:  v20.11.1
[debug] [2024-03-25T08:10:43.040Z] Time:          Mon Mar 25 2024 10:10:43 GMT+0200 (Ora standard a Europei de Est)
[debug] [2024-03-25T08:10:43.040Z] ----------------------------------------------------------------------
[debug] 
[debug] [2024-03-25T08:10:43.101Z] > command requires scopes: ["email","openid","https://www.googleapis.com/auth/cloudplatformprojects.readonly","https://www.googleapis.com/auth/firebase","https://www.googleapis.com/auth/cloud-platform"]
[debug] [2024-03-25T08:10:43.102Z] > authorizing via signed-in user (pcbuildersupp@gmail.com)
[debug] [2024-03-25T08:10:43.102Z] [iam] checking project smartpcbuilder-9e660 for permissions ["cloudfunctions.functions.create","cloudfunctions.functions.delete","cloudfunctions.functions.get","cloudfunctions.functions.list","cloudfunctions.functions.update","cloudfunctions.operations.get","firebase.projects.get"]
[debug] [2024-03-25T08:10:43.103Z] >>> [apiv2][query] POST https://cloudresourcemanager.googleapis.com/v1/projects/smartpcbuilder-9e660:testIamPermissions [none]
[debug] [2024-03-25T08:10:43.103Z] >>> [apiv2][(partial)header] POST https://cloudresourcemanager.googleapis.com/v1/projects/smartpcbuilder-9e660:testIamPermissions x-goog-quota-user=projects/smartpcbuilder-9e660
[debug] [2024-03-25T08:10:43.104Z] >>> [apiv2][body] POST https://cloudresourcemanager.googleapis.com/v1/projects/smartpcbuilder-9e660:testIamPermissions {"permissions":["cloudfunctions.functions.create","cloudfunctions.functions.delete","cloudfunctions.functions.get","cloudfunctions.functions.list","cloudfunctions.functions.update","cloudfunctions.operations.get","firebase.projects.get"]}
[debug] [2024-03-25T08:10:43.910Z] <<< [apiv2][status] POST https://cloudresourcemanager.googleapis.com/v1/projects/smartpcbuilder-9e660:testIamPermissions 200
[debug] [2024-03-25T08:10:43.910Z] <<< [apiv2][body] POST https://cloudresourcemanager.googleapis.com/v1/projects/smartpcbuilder-9e660:testIamPermissions {"permissions":["cloudfunctions.functions.create","cloudfunctions.functions.delete","cloudfunctions.functions.get","cloudfunctions.functions.list","cloudfunctions.functions.update","cloudfunctions.operations.get","firebase.projects.get"]}
[debug] [2024-03-25T08:10:43.910Z] >>> [apiv2][query] POST https://iam.googleapis.com/v1/projects/smartpcbuilder-9e660/serviceAccounts/smartpcbuilder-9e660@appspot.gserviceaccount.com:testIamPermissions [none]
[debug] [2024-03-25T08:10:43.910Z] >>> [apiv2][body] POST https://iam.googleapis.com/v1/projects/smartpcbuilder-9e660/serviceAccounts/smartpcbuilder-9e660@appspot.gserviceaccount.com:testIamPermissions {"permissions":["iam.serviceAccounts.actAs"]}
[debug] [2024-03-25T08:10:44.188Z] <<< [apiv2][status] POST https://iam.googleapis.com/v1/projects/smartpcbuilder-9e660/serviceAccounts/smartpcbuilder-9e660@appspot.gserviceaccount.com:testIamPermissions 200
[debug] [2024-03-25T08:10:44.188Z] <<< [apiv2][body] POST https://iam.googleapis.com/v1/projects/smartpcbuilder-9e660/serviceAccounts/smartpcbuilder-9e660@appspot.gserviceaccount.com:testIamPermissions {"permissions":["iam.serviceAccounts.actAs"]}
[info] 
[info] === Deploying to 'smartpcbuilder-9e660'...
[info] 
[info] i  deploying functions 
[debug] [2024-03-25T08:10:44.190Z] >>> [apiv2][query] GET https://firebase.googleapis.com/v1beta1/projects/smartpcbuilder-9e660 [none]
[debug] [2024-03-25T08:10:44.593Z] <<< [apiv2][status] GET https://firebase.googleapis.com/v1beta1/projects/smartpcbuilder-9e660 200
[debug] [2024-03-25T08:10:44.594Z] <<< [apiv2][body] GET https://firebase.googleapis.com/v1beta1/projects/smartpcbuilder-9e660 {"projectId":"smartpcbuilder-9e660","projectNumber":"134999432640","displayName":"SmartPCBuilder","name":"projects/smartpcbuilder-9e660","resources":{"hostingSite":"smartpcbuilder-9e660","realtimeDatabaseInstance":"smartpcbuilder-9e660-default-rtdb"},"state":"ACTIVE","etag":"1_121d508e-4ed3-464b-95f1-d1fb62003876"}
[info] i  functions: preparing codebase default for deployment 
[info] i  functions: ensuring required API cloudfunctions.googleapis.com is enabled... 
[info] i  functions: ensuring required API cloudbuild.googleapis.com is enabled... 
[info] i  artifactregistry: ensuring required API artifactregistry.googleapis.com is enabled... 
[debug] [2024-03-25T08:10:44.595Z] >>> [apiv2][query] GET https://serviceusage.googleapis.com/v1/projects/smartpcbuilder-9e660/services/cloudfunctions.googleapis.com [none]
[debug] [2024-03-25T08:10:44.595Z] >>> [apiv2][(partial)header] GET https://serviceusage.googleapis.com/v1/projects/smartpcbuilder-9e660/services/cloudfunctions.googleapis.com x-goog-quota-user=projects/smartpcbuilder-9e660
[debug] [2024-03-25T08:10:44.596Z] >>> [apiv2][query] GET https://serviceusage.googleapis.com/v1/projects/smartpcbuilder-9e660/services/runtimeconfig.googleapis.com [none]
[debug] [2024-03-25T08:10:44.596Z] >>> [apiv2][(partial)header] GET https://serviceusage.googleapis.com/v1/projects/smartpcbuilder-9e660/services/runtimeconfig.googleapis.com x-goog-quota-user=projects/smartpcbuilder-9e660
[debug] [2024-03-25T08:10:44.597Z] >>> [apiv2][query] GET https://serviceusage.googleapis.com/v1/projects/smartpcbuilder-9e660/services/cloudbuild.googleapis.com [none]
[debug] [2024-03-25T08:10:44.597Z] >>> [apiv2][(partial)header] GET https://serviceusage.googleapis.com/v1/projects/smartpcbuilder-9e660/services/cloudbuild.googleapis.com x-goog-quota-user=projects/smartpcbuilder-9e660
[debug] [2024-03-25T08:10:44.597Z] >>> [apiv2][query] GET https://serviceusage.googleapis.com/v1/projects/smartpcbuilder-9e660/services/artifactregistry.googleapis.com [none]
[debug] [2024-03-25T08:10:44.597Z] >>> [apiv2][(partial)header] GET https://serviceusage.googleapis.com/v1/projects/smartpcbuilder-9e660/services/artifactregistry.googleapis.com x-goog-quota-user=projects/smartpcbuilder-9e660
[debug] [2024-03-25T08:10:45.094Z] <<< [apiv2][status] GET https://serviceusage.googleapis.com/v1/projects/smartpcbuilder-9e660/services/runtimeconfig.googleapis.com 200
[debug] [2024-03-25T08:10:45.094Z] <<< [apiv2][body] GET https://serviceusage.googleapis.com/v1/projects/smartpcbuilder-9e660/services/runtimeconfig.googleapis.com [omitted]
[debug] [2024-03-25T08:10:45.552Z] <<< [apiv2][status] GET https://serviceusage.googleapis.com/v1/projects/smartpcbuilder-9e660/services/cloudbuild.googleapis.com 200
[debug] [2024-03-25T08:10:45.552Z] <<< [apiv2][body] GET https://serviceusage.googleapis.com/v1/projects/smartpcbuilder-9e660/services/cloudbuild.googleapis.com [omitted]
[info] +  functions: required API cloudbuild.googleapis.com is enabled 
[debug] [2024-03-25T08:10:45.559Z] <<< [apiv2][status] GET https://serviceusage.googleapis.com/v1/projects/smartpcbuilder-9e660/services/cloudfunctions.googleapis.com 200
[debug] [2024-03-25T08:10:45.559Z] <<< [apiv2][body] GET https://serviceusage.googleapis.com/v1/projects/smartpcbuilder-9e660/services/cloudfunctions.googleapis.com [omitted]
[info] +  functions: required API cloudfunctions.googleapis.com is enabled 
[debug] [2024-03-25T08:10:45.580Z] <<< [apiv2][status] GET https://serviceusage.googleapis.com/v1/projects/smartpcbuilder-9e660/services/artifactregistry.googleapis.com 200
[debug] [2024-03-25T08:10:45.580Z] <<< [apiv2][body] GET https://serviceusage.googleapis.com/v1/projects/smartpcbuilder-9e660/services/artifactregistry.googleapis.com [omitted]
[info] +  artifactregistry: required API artifactregistry.googleapis.com is enabled 
[debug] [2024-03-25T08:10:45.580Z] >>> [apiv2][query] GET https://firebase.googleapis.com/v1beta1/projects/smartpcbuilder-9e660/adminSdkConfig [none]
[debug] [2024-03-25T08:10:46.019Z] <<< [apiv2][status] GET https://firebase.googleapis.com/v1beta1/projects/smartpcbuilder-9e660/adminSdkConfig 200
[debug] [2024-03-25T08:10:46.020Z] <<< [apiv2][body] GET https://firebase.googleapis.com/v1beta1/projects/smartpcbuilder-9e660/adminSdkConfig {"projectId":"smartpcbuilder-9e660","databaseURL":"https://smartpcbuilder-9e660-default-rtdb.firebaseio.com","storageBucket":"smartpcbuilder-9e660.appspot.com"}
[debug] [2024-03-25T08:10:46.020Z] >>> [apiv2][query] GET https://runtimeconfig.googleapis.com/v1beta1/projects/smartpcbuilder-9e660/configs [none]
[debug] [2024-03-25T08:10:46.343Z] <<< [apiv2][status] GET https://runtimeconfig.googleapis.com/v1beta1/projects/smartpcbuilder-9e660/configs 200
[debug] [2024-03-25T08:10:46.343Z] <<< [apiv2][body] GET https://runtimeconfig.googleapis.com/v1beta1/projects/smartpcbuilder-9e660/configs {}
[debug] [2024-03-25T08:10:46.344Z] Validating nodejs source
[debug] [2024-03-25T08:10:47.453Z] > [functions] package.json contents: {
  "name": "functions",
  "description": "Cloud Functions for Firebase",
  "scripts": {
    "lint": "eslint .",
    "serve": "firebase emulators:start --only functions",
    "shell": "firebase functions:shell",
    "start": "npm run shell",
    "deploy": "firebase deploy --only functions",
    "logs": "firebase functions:log"
  },
  "engines": {
    "node": "18"
  },
  "main": "index.js",
  "dependencies": {
    "cheerio": "^1.0.0-rc.12",
    "firebase-admin": "^11.8.0",
    "firebase-functions": "^4.3.1"
  },
  "devDependencies": {
    "eslint": "^8.15.0",
    "eslint-config-google": "^0.14.0",
    "firebase-functions-test": "^3.1.0"
  },
  "private": true
}
[debug] [2024-03-25T08:10:47.453Z] Building nodejs source
[info] i  functions: Loading and analyzing source code for codebase default to determine what to deploy 
[debug] [2024-03-25T08:10:47.459Z] Could not find functions.yaml. Must use http discovery
[debug] [2024-03-25T08:10:47.469Z] Found firebase-functions binary at 'C:\Users\giura\AndroidStudioProjects\SmartPCBuilder\functions\node_modules\.bin\firebase-functions'
[info] Serving at port 8840

[debug] [2024-03-25T08:10:47.705Z] Got response from /__/functions.yaml {"endpoints":{},"specVersion":"v1alpha1","requiredAPIs":[]}
[error] Eroare la obținerea datelor despre produse: Error: Could not load the default credentials. Browse to https://cloud.google.com/docs/authentication/getting-started for more information.
    at GoogleAuth.getApplicationDefaultAsync (C:\Users\giura\AndroidStudioProjects\SmartPCBuilder\functions\node_modules\google-auth-library\build\src\auth\googleauth.js:207:19)
    at process.processTicksAndRejections (node:internal/process/task_queues:95:5)
    at async GoogleAuth.getClient (C:\Users\giura\AndroidStudioProjects\SmartPCBuilder\functions\node_modules\google-auth-library\build\src\auth\googleauth.js:624:17)
    at async GrpcClient._getCredentials (C:\Users\giura\AndroidStudioProjects\SmartPCBuilder\functions\node_modules\google-gax\build\src\grpc.js:145:24)
    at async GrpcClient.createStub (C:\Users\giura\AndroidStudioProjects\SmartPCBuilder\functions\node_modules\google-gax\build\src\grpc.js:308:23)
Caused by: Error
    at CollectionReference._get (C:\Users\giura\AndroidStudioProjects\SmartPCBuilder\functions\node_modules\@google-cloud\firestore\build\src\reference.js:1738:23)
    at CollectionReference.get (C:\Users\giura\AndroidStudioProjects\SmartPCBuilder\functions\node_modules\@google-cloud\firestore\build\src\reference.js:1726:21)
    at updatePrices (C:\Users\giura\AndroidStudioProjects\SmartPCBuilder\functions\index.js:12:44)
    at Object.<anonymous> (C:\Users\giura\AndroidStudioProjects\SmartPCBuilder\functions\index.js:39:1)
    at Module._compile (node:internal/modules/cjs/loader:1376:14)
    at Module._extensions..js (node:internal/modules/cjs/loader:1435:10)
    at Module.load (node:internal/modules/cjs/loader:1207:32)
    at Module._load (node:internal/modules/cjs/loader:1023:12)
    at Module.require (node:internal/modules/cjs/loader:1235:19)
    at require (node:internal/modules/helpers:176:18)

[debug] [2024-03-25T08:10:56.619Z] >>> [apiv2][query] GET https://cloudfunctions.googleapis.com/v1/projects/smartpcbuilder-9e660/locations/-/functions [none]
[debug] [2024-03-25T08:10:57.265Z] <<< [apiv2][status] GET https://cloudfunctions.googleapis.com/v1/projects/smartpcbuilder-9e660/locations/-/functions 200
[debug] [2024-03-25T08:10:57.266Z] <<< [apiv2][body] GET https://cloudfunctions.googleapis.com/v1/projects/smartpcbuilder-9e660/locations/-/functions {"functions":[{"name":"projects/smartpcbuilder-9e660/locations/us-central1/functions/updatePrices","eventTrigger":{"eventType":"google.pubsub.topic.publish","resource":"projects/smartpcbuilder-9e660/topics/firebase-schedule-updatePrices-us-central1","service":"pubsub.googleapis.com","failurePolicy":{}},"status":"ACTIVE","entryPoint":"updatePrices","timeout":"60s","availableMemoryMb":256,"serviceAccountEmail":"smartpcbuilder-9e660@appspot.gserviceaccount.com","updateTime":"2024-03-24T12:09:13.035Z","versionId":"1","labels":{"deployment-tool":"cli-firebase","deployment-scheduled":"true","firebase-functions-hash":"adce303d998a9f2d68e1fed5488c5f54501f3cae"},"sourceUploadUrl":"https://storage.googleapis.com/uploads-274363421657.us-central1.cloudfunctions.appspot.com/61639521-9722-4895-a920-1c76a0f4342d.zip","environmentVariables":{"FIREBASE_CONFIG":"{\"projectId\":\"smartpcbuilder-9e660\",\"databaseURL\":\"https://smartpcbuilder-9e660-default-rtdb.firebaseio.com\",\"storageBucket\":\"smartpcbuilder-9e660.appspot.com\"}","GCLOUD_PROJECT":"smartpcbuilder-9e660","EVENTARC_CLOUD_EVENT_SOURCE":"projects/smartpcbuilder-9e660/locations/us-central1/functions/updatePrices"},"runtime":"nodejs18","maxInstances":3000,"ingressSettings":"ALLOW_ALL","buildId":"97af9d36-71a9-4bb7-8c37-b7efb9cad281","buildEnvironmentVariables":{"GOOGLE_NODE_RUN_SCRIPTS":""},"buildName":"projects/134999432640/locations/us-central1/builds/97af9d36-71a9-4bb7-8c37-b7efb9cad281","dockerRegistry":"ARTIFACT_REGISTRY","automaticUpdatePolicy":{}}]}
[debug] [2024-03-25T08:10:57.267Z] >>> [apiv2][query] GET https://cloudfunctions.googleapis.com/v2/projects/smartpcbuilder-9e660/locations/-/functions filter=environment%3D%22GEN_2%22
[debug] [2024-03-25T08:10:58.249Z] <<< [apiv2][status] GET https://cloudfunctions.googleapis.com/v2/projects/smartpcbuilder-9e660/locations/-/functions 200
[debug] [2024-03-25T08:10:58.249Z] <<< [apiv2][body] GET https://cloudfunctions.googleapis.com/v2/projects/smartpcbuilder-9e660/locations/-/functions {}
[info] 
The following functions are found in your project but do not exist in your local source code:
	updatePrices(us-central1)

If you are renaming a function or changing its region, it is recommended that you create the new function first before deleting the old one to prevent event loss. For more info, visit https://firebase.google.com/docs/functions/manage-functions#modify

